Determining if the pthread_create exist failed with the following output:
Change Dir: /home/meng/cspm/build/CMakeFiles/CMakeTmp

Run Build Command:/usr/bin/make "cmTryCompileExec1836474770/fast"
/usr/bin/make -f CMakeFiles/cmTryCompileExec1836474770.dir/build.make CMakeFiles/cmTryCompileExec1836474770.dir/build
make[1]: Entering directory `/home/meng/cspm/build/CMakeFiles/CMakeTmp'
/usr/bin/cmake -E cmake_progress_report /home/meng/cspm/build/CMakeFiles/CMakeTmp/CMakeFiles 1
Building C object CMakeFiles/cmTryCompileExec1836474770.dir/CheckSymbolExists.c.o
/usr/bin/cc    -o CMakeFiles/cmTryCompileExec1836474770.dir/CheckSymbolExists.c.o   -c /home/meng/cspm/build/CMakeFiles/CMakeTmp/CheckSymbolExists.c
Linking C executable cmTryCompileExec1836474770
/usr/bin/cmake -E cmake_link_script CMakeFiles/cmTryCompileExec1836474770.dir/link.txt --verbose=1
/usr/bin/cc       CMakeFiles/cmTryCompileExec1836474770.dir/CheckSymbolExists.c.o  -o cmTryCompileExec1836474770 -rdynamic 
CMakeFiles/cmTryCompileExec1836474770.dir/CheckSymbolExists.c.o: In function `main':
CheckSymbolExists.c:(.text+0x16): undefined reference to `pthread_create'
collect2: error: ld returned 1 exit status
make[1]: *** [cmTryCompileExec1836474770] Error 1
make[1]: Leaving directory `/home/meng/cspm/build/CMakeFiles/CMakeTmp'
make: *** [cmTryCompileExec1836474770/fast] Error 2

File /home/meng/cspm/build/CMakeFiles/CMakeTmp/CheckSymbolExists.c:
/* */
#include <pthread.h>

int main(int argc, char** argv)
{
  (void)argv;
#ifndef pthread_create
  return ((int*)(&pthread_create))[argc];
#else
  (void)argc;
  return 0;
#endif
}

Determining if the function pthread_create exists in the pthreads failed with the following output:
Change Dir: /home/meng/cspm/build/CMakeFiles/CMakeTmp

Run Build Command:/usr/bin/make "cmTryCompileExec1038281848/fast"
/usr/bin/make -f CMakeFiles/cmTryCompileExec1038281848.dir/build.make CMakeFiles/cmTryCompileExec1038281848.dir/build
make[1]: Entering directory `/home/meng/cspm/build/CMakeFiles/CMakeTmp'
/usr/bin/cmake -E cmake_progress_report /home/meng/cspm/build/CMakeFiles/CMakeTmp/CMakeFiles 1
Building C object CMakeFiles/cmTryCompileExec1038281848.dir/CheckFunctionExists.c.o
/usr/bin/cc   -DCHECK_FUNCTION_EXISTS=pthread_create   -o CMakeFiles/cmTryCompileExec1038281848.dir/CheckFunctionExists.c.o   -c /usr/share/cmake-2.8/Modules/CheckFunctionExists.c
Linking C executable cmTryCompileExec1038281848
/usr/bin/cmake -E cmake_link_script CMakeFiles/cmTryCompileExec1038281848.dir/link.txt --verbose=1
/usr/bin/cc   -DCHECK_FUNCTION_EXISTS=pthread_create    CMakeFiles/cmTryCompileExec1038281848.dir/CheckFunctionExists.c.o  -o cmTryCompileExec1038281848 -rdynamic -lpthreads 
/usr/bin/ld: cannot find -lpthreads
collect2: error: ld returned 1 exit status
make[1]: Leaving directory `/home/meng/cspm/build/CMakeFiles/CMakeTmp'
make[1]: *** [cmTryCompileExec1038281848] Error 1
make: *** [cmTryCompileExec1038281848/fast] Error 2


Determining if the Q_WS_WIN exist failed with the following output:
Change Dir: /home/meng/cspm/build/CMakeFiles/CMakeTmp

Run Build Command:/usr/bin/make "cmTryCompileExec2014352744/fast"
make[1]: Entering directory `/home/meng/cspm/build/CMakeFiles/CMakeTmp'
/usr/bin/make -f CMakeFiles/cmTryCompileExec2014352744.dir/build.make CMakeFiles/cmTryCompileExec2014352744.dir/build
make[2]: Entering directory `/home/meng/cspm/build/CMakeFiles/CMakeTmp'
/usr/bin/cmake -E cmake_progress_report /home/meng/cspm/build/CMakeFiles/CMakeTmp/CMakeFiles 1
Building CXX object CMakeFiles/cmTryCompileExec2014352744.dir/CheckSymbolExists.cxx.o
/usr/bin/c++    -I/usr/include/qt4    -o CMakeFiles/cmTryCompileExec2014352744.dir/CheckSymbolExists.cxx.o -c /home/meng/cspm/build/CMakeFiles/CMakeTmp/CheckSymbolExists.cxx
/home/meng/cspm/build/CMakeFiles/CMakeTmp/CheckSymbolExists.cxx: In function 'int main(int, char**)':
/home/meng/cspm/build/CMakeFiles/CMakeTmp/CheckSymbolExists.cxx:8:19: error: 'Q_WS_WIN' was not declared in this scope
   return ((int*)(&Q_WS_WIN))[argc];
                   ^
make[2]: *** [CMakeFiles/cmTryCompileExec2014352744.dir/CheckSymbolExists.cxx.o] Error 1
make[2]: Leaving directory `/home/meng/cspm/build/CMakeFiles/CMakeTmp'
make[1]: Leaving directory `/home/meng/cspm/build/CMakeFiles/CMakeTmp'
make[1]: *** [cmTryCompileExec2014352744/fast] Error 2

File /home/meng/cspm/build/CMakeFiles/CMakeTmp/CheckSymbolExists.cxx:
/* */
#include <QtCore/qglobal.h>

int main(int argc, char** argv)
{
  (void)argv;
#ifndef Q_WS_WIN
  return ((int*)(&Q_WS_WIN))[argc];
#else
  (void)argc;
  return 0;
#endif
}

Determining if the Q_WS_QWS exist failed with the following output:
Change Dir: /home/meng/cspm/build/CMakeFiles/CMakeTmp

Run Build Command:/usr/bin/make "cmTryCompileExec4155307820/fast"
make[1]: Entering directory `/home/meng/cspm/build/CMakeFiles/CMakeTmp'
/usr/bin/make -f CMakeFiles/cmTryCompileExec4155307820.dir/build.make CMakeFiles/cmTryCompileExec4155307820.dir/build
make[2]: Entering directory `/home/meng/cspm/build/CMakeFiles/CMakeTmp'
/usr/bin/cmake -E cmake_progress_report /home/meng/cspm/build/CMakeFiles/CMakeTmp/CMakeFiles 1
Building CXX object CMakeFiles/cmTryCompileExec4155307820.dir/CheckSymbolExists.cxx.o
/usr/bin/c++    -I/usr/include/qt4    -o CMakeFiles/cmTryCompileExec4155307820.dir/CheckSymbolExists.cxx.o -c /home/meng/cspm/build/CMakeFiles/CMakeTmp/CheckSymbolExists.cxx
/home/meng/cspm/build/CMakeFiles/CMakeTmp/CheckSymbolExists.cxx: In function 'int main(int, char**)':
/home/meng/cspm/build/CMakeFiles/CMakeTmp/CheckSymbolExists.cxx:8:19: error: 'Q_WS_QWS' was not declared in this scope
   return ((int*)(&Q_WS_QWS))[argc];
                   ^
make[2]: Leaving directory `/home/meng/cspm/build/CMakeFiles/CMakeTmp'
make[2]: *** [CMakeFiles/cmTryCompileExec4155307820.dir/CheckSymbolExists.cxx.o] Error 1
make[1]: Leaving directory `/home/meng/cspm/build/CMakeFiles/CMakeTmp'
make[1]: *** [cmTryCompileExec4155307820/fast] Error 2

File /home/meng/cspm/build/CMakeFiles/CMakeTmp/CheckSymbolExists.cxx:
/* */
#include <QtCore/qglobal.h>

int main(int argc, char** argv)
{
  (void)argv;
#ifndef Q_WS_QWS
  return ((int*)(&Q_WS_QWS))[argc];
#else
  (void)argc;
  return 0;
#endif
}

Determining if the Q_WS_MAC exist failed with the following output:
Change Dir: /home/meng/cspm/build/CMakeFiles/CMakeTmp

Run Build Command:/usr/bin/make "cmTryCompileExec393024021/fast"
make[1]: Entering directory `/home/meng/cspm/build/CMakeFiles/CMakeTmp'
/usr/bin/make -f CMakeFiles/cmTryCompileExec393024021.dir/build.make CMakeFiles/cmTryCompileExec393024021.dir/build
make[2]: Entering directory `/home/meng/cspm/build/CMakeFiles/CMakeTmp'
/usr/bin/cmake -E cmake_progress_report /home/meng/cspm/build/CMakeFiles/CMakeTmp/CMakeFiles 1
Building CXX object CMakeFiles/cmTryCompileExec393024021.dir/CheckSymbolExists.cxx.o
/usr/bin/c++    -I/usr/include/qt4    -o CMakeFiles/cmTryCompileExec393024021.dir/CheckSymbolExists.cxx.o -c /home/meng/cspm/build/CMakeFiles/CMakeTmp/CheckSymbolExists.cxx
/home/meng/cspm/build/CMakeFiles/CMakeTmp/CheckSymbolExists.cxx: In function 'int main(int, char**)':
/home/meng/cspm/build/CMakeFiles/CMakeTmp/CheckSymbolExists.cxx:8:19: error: 'Q_WS_MAC' was not declared in this scope
   return ((int*)(&Q_WS_MAC))[argc];
                   ^
make[2]: Leaving directory `/home/meng/cspm/build/CMakeFiles/CMakeTmp'
make[2]: *** [CMakeFiles/cmTryCompileExec393024021.dir/CheckSymbolExists.cxx.o] Error 1
make[1]: Leaving directory `/home/meng/cspm/build/CMakeFiles/CMakeTmp'
make[1]: *** [cmTryCompileExec393024021/fast] Error 2

File /home/meng/cspm/build/CMakeFiles/CMakeTmp/CheckSymbolExists.cxx:
/* */
#include <QtCore/qglobal.h>

int main(int argc, char** argv)
{
  (void)argv;
#ifndef Q_WS_MAC
  return ((int*)(&Q_WS_MAC))[argc];
#else
  (void)argc;
  return 0;
#endif
}

